0 verbose cli C:\Program Files\nodejs\node.exe C:\Program Files\nodejs\node_modules\npm\bin\npm-cli.js
1 info using npm@11.16.0
2 info using node@v24.18.0
3 silly config load:file:C:\Program Files\nodejs\node_modules\npm\npmrc
4 silly config load:file:C:\Users\29068\Desktop\claw\packages\openclaw-plugin\.npmrc
5 silly config load:file:C:\Users\29068\.npmrc
6 silly config load:file:C:\Users\29068\AppData\Roaming\npm\etc\npmrc
7 verbose title npm pack
8 verbose argv "pack" "--cache" ".\\.npm-cache"
9 verbose logfile logs-max:10 dir:C:\Users\29068\Desktop\claw\packages\openclaw-plugin\.npm-cache\_logs\2026-07-16T03_42_59_972Z-
10 verbose logfile C:\Users\29068\Desktop\claw\packages\openclaw-plugin\.npm-cache\_logs\2026-07-16T03_42_59_972Z-debug-0.log
11 silly logfile done cleaning log files
12 silly packumentCache heap:4496293888 maxSize:1124073472 maxEntrySize:562036736
13 http fetch GET https://registry.npmjs.org/npm attempt 1 failed with EACCES
14 notice
15 notice package: @w20chen/openclaw-hardware-scheduler@0.1.0
16 notice Tarball Contents
17 notice 214B README.md
17 notice 409B dist/client.d.ts
17 notice 1.4kB dist/client.js
17 notice 202B dist/config.d.ts
17 notice 978B dist/config.js
17 notice 1.9kB dist/contracts.d.ts
17 notice 11B dist/contracts.js
17 notice 476B dist/correlation.d.ts
17 notice 1.1kB dist/correlation.js
17 notice 58B dist/index.d.ts
17 notice 6.0kB dist/index.js
17 notice 218B dist/logging.d.ts
17 notice 227B dist/logging.js
17 notice 331B dist/redaction.d.ts
17 notice 2.3kB dist/redaction.js
17 notice 937B openclaw.plugin.json
17 notice 681B package.json
18 notice Tarball Details
19 notice name: @w20chen/openclaw-hardware-scheduler
20 notice version: 0.1.0
21 notice filename: w20chen-openclaw-hardware-scheduler-0.1.0.tgz
22 notice package size: 5.2 kB
23 notice unpacked size: 17.4 kB
24 notice shasum: 82cbf5a3dd66b5bd748816e67a2c2441b84ad859
25 notice integrity: sha512-gXBBO3hdmgX3+[...]y8qTUvevLP6tA==
26 notice total files: 17
27 notice
28 verbose cwd C:\Users\29068\Desktop\claw\packages\openclaw-plugin
29 verbose os Windows_NT 10.0.26200
30 verbose node v24.18.0
31 verbose npm  v11.16.0
32 verbose exit 0
33 info ok
